<?xml version="1.0" encoding="UTF-8"?>
<!-- Generated by org.testng.reporters.JUnitReportReporter -->
<testsuite hostname="MACPK-WKS-0132" failures="0" tests="1" name="Master.RegressionExecution" time="242.769" errors="0" timestamp="2020-12-12T21:55:52 PKT" skipped="0">
  <testcase classname="Master.RegressionExecution" name="DownloadMyTicket" time="242.769"/>
  <system-out/>
</testsuite> <!-- Master.RegressionExecution -->
