<?xml version="1.0" encoding="UTF-8"?>
<!-- Generated by org.testng.reporters.JUnitReportReporter -->
<testsuite hostname="MACPK-WKS-0132" failures="0" tests="1" name="testpackage.Authentication" time="28.817" errors="0" timestamp="2020-11-20T18:29:34 PKT" skipped="0">
  <testcase classname="testpackage.Authentication" name="validateSignUp" time="28.817"/>
  <system-out/>
</testsuite> <!-- testpackage.Authentication -->
