<?xml version="1.0" encoding="UTF-8"?>
<!-- Generated by org.testng.reporters.JUnitReportReporter -->
<testsuite hostname="MACPK-WKS-0132" failures="0" tests="1" name="Master.CMXExecution" time="87.330" errors="0" timestamp="2020-11-26T18:59:43 PKT" skipped="0">
  <testcase classname="Master.CMXExecution" name="validateBookingMultipleDayEvent" time="87.330"/>
  <system-out/>
</testsuite> <!-- Master.CMXExecution -->
